Removed Pin From Net: NetName=AL_L_VU Pin=C37-1
Removed Pin From Net: NetName=AL_L_VU Pin=R39-2
Added Component: Designator=R71(R0603)
Add component (AddParameter): Name = "BOM_Manufacturer"; Value = "Viking Tech"; VariantName = "[No Variations]"
Add component (AddParameter): Name = "BOM_Manufacturer Part"; Value = "AR03BTCX1002A"; VariantName = "[No Variations]"
Add component (AddParameter): Name = "BOM_Supplier"; Value = "LCSC"; VariantName = "[No Variations]"
Add component (AddParameter): Name = "BOM_Supplier Part"; Value = "C465721"; VariantName = "[No Variations]"
Add component (AddParameter): Name = "Contributor"; Value = "LCSC"; VariantName = "[No Variations]"
Add component (AddParameter): Name = "nameAlias"; Value = "Resistance (Ohms)"; VariantName = "[No Variations]"
Add component (AddParameter): Name = "spicePre"; Value = "R"; VariantName = "[No Variations]"
Add component (AddParameter): Name = "spiceSymbolName"; Value = "AR03BTCX1002A"; VariantName = "[No Variations]"
Add component (AddParameter): Name = "Value"; Value = "1K"; VariantName = "[No Variations]"
Added Pin To Net: NetName=GND Pin=R71-1
Added Pin To Net: NetName=AL_L_VU Pin=R71-2
Added Pin To Net: NetName=NetC37_1 Pin=C37-1
Added Pin To Net: NetName=NetC37_1 Pin=R39-2
Added Net: Name=NetC37_1
Added Member To Class: ClassName=Audio_VU_LED Member=Component D5 LED
Added Member To Class: ClassName=Audio_VU_LED Member=Component D9 LED
Added Member To Class: ClassName=Audio_VU_LED Member=Component D13 LED
Added Member To Class: ClassName=Audio_VU_LED Member=Component D17 LED
Added Member To Class: ClassName=Audio_VU_LED Member=Component D21 LED
Added Member To Class: ClassName=Audio_VU_LED Member=Component R71 Reg
Added Room: Name=Audio_Power
Added Room: Name=Audio_VU_LED
