Change Component Designator: Old Designator=C4 New Designator=C49
Change Component Designator: Old Designator=C5 New Designator=C50
Change Component Designator: Old Designator=C9 New Designator=C54
Change Component Designator: Old Designator=C11 New Designator=C55
Change Component Designator: Old Designator=C12 New Designator=C56
Change Component Designator: Old Designator=C13 New Designator=C57
Change Component Designator: Old Designator=C15 New Designator=C60
Change Component Designator: Old Designator=C16 New Designator=C61
Change Component Designator: Old Designator=C18 New Designator=C62
Change Component Designator: Old Designator=C20 New Designator=C63
Change Component Designator: Old Designator=C22 New Designator=C65
Change Component Designator: Old Designator=C? New Designator=C51
Change Component Designator: Old Designator=C? New Designator=C52
Change Component Designator: Old Designator=C? New Designator=C53
Change Component Designator: Old Designator=C? New Designator=C58
Change Component Designator: Old Designator=C? New Designator=C59
Change Component Designator: Old Designator=C? New Designator=C64
Change Component Designator: Old Designator=C? New Designator=C66
Change Component Designator: Old Designator=C? New Designator=C67
Change Component Designator: Old Designator=C? New Designator=C68
Change Component Designator: Old Designator=C? New Designator=C69
Change Component Designator: Old Designator=C? New Designator=C70
Change Component Designator: Old Designator=D1 New Designator=D22
Change Component Designator: Old Designator=D2 New Designator=D23
Change Component Designator: Old Designator=D3 New Designator=D24
Change Component Designator: Old Designator=D4 New Designator=D25
Change Component Designator: Old Designator=D? New Designator=D26
Change Component Designator: Old Designator=D? New Designator=D27
Change Component Designator: Old Designator=D? New Designator=D28
Change Component Designator: Old Designator=H2 New Designator=H3
Change Component Designator: Old Designator=H3 New Designator=H4
Change Component Designator: Old Designator=H? New Designator=H2
Change Component Designator: Old Designator=L? New Designator=L2
Change Component Designator: Old Designator=R2 New Designator=R58
Change Component Designator: Old Designator=R3 New Designator=R56
Change Component Designator: Old Designator=R6 New Designator=R59
Change Component Designator: Old Designator=R7 New Designator=R60
Change Component Designator: Old Designator=R8 New Designator=R61
Change Component Designator: Old Designator=R9 New Designator=R62
Change Component Designator: Old Designator=R10 New Designator=R63
Change Component Designator: Old Designator=R? New Designator=R55
Change Component Designator: Old Designator=R? New Designator=R57
Change Component Designator: Old Designator=R? New Designator=R64
Change Component Designator: Old Designator=R? New Designator=R65
Change Component Designator: Old Designator=S? New Designator=S1
Change Component Designator: Old Designator=U2 New Designator=U11
Change Component Designator: Old Designator=U? New Designator=U10
Change Component Designator: Old Designator=U? New Designator=U12
Change Component Designator: Old Designator=U? New Designator=U13
