Change Component Designator: Old Designator=C46 New Designator=C32
Change Component Designator: Old Designator=C47 New Designator=C33
Change Component Designator: Old Designator=C50 New Designator=C34
Change Component Designator: Old Designator=C51 New Designator=C37
Change Component Designator: Old Designator=C52 New Designator=C38
Change Component Designator: Old Designator=C53 New Designator=C39
Change Component Designator: Old Designator=C54 New Designator=C40
Change Component Designator: Old Designator=C55 New Designator=C41
Change Component Designator: Old Designator=C56 New Designator=C42
Change Component Designator: Old Designator=C57 New Designator=C43
Change Component Designator: Old Designator=C58 New Designator=C44
Change Component Designator: Old Designator=C59 New Designator=C45
Change Component Designator: Old Designator=C60 New Designator=C46
Change Component Designator: Old Designator=C? New Designator=C35
Change Component Designator: Old Designator=C? New Designator=C36
Change Component Designator: Old Designator=C? New Designator=C47
Change Component Designator: Old Designator=C? New Designator=C48
Change Component Designator: Old Designator=D8 New Designator=D1
Change Component Designator: Old Designator=D9 New Designator=D2
Change Component Designator: Old Designator=D10 New Designator=D3
Change Component Designator: Old Designator=D11 New Designator=D4
Change Component Designator: Old Designator=D12 New Designator=D5
Change Component Designator: Old Designator=D13 New Designator=D6
Change Component Designator: Old Designator=D14 New Designator=D7
Change Component Designator: Old Designator=D15 New Designator=D8
Change Component Designator: Old Designator=D16 New Designator=D9
Change Component Designator: Old Designator=D17 New Designator=D10
Change Component Designator: Old Designator=D18 New Designator=D11
Change Component Designator: Old Designator=D19 New Designator=D12
Change Component Designator: Old Designator=D20 New Designator=D13
Change Component Designator: Old Designator=D21 New Designator=D14
Change Component Designator: Old Designator=D22 New Designator=D15
Change Component Designator: Old Designator=D23 New Designator=D16
Change Component Designator: Old Designator=D24 New Designator=D17
Change Component Designator: Old Designator=D25 New Designator=D18
Change Component Designator: Old Designator=D26 New Designator=D19
Change Component Designator: Old Designator=D27 New Designator=D20
Change Component Designator: Old Designator=D28 New Designator=D21
Change Component Designator: Old Designator=H4 New Designator=H1
Change Component Designator: Old Designator=R47 New Designator=R33
Change Component Designator: Old Designator=R48 New Designator=R34
Change Component Designator: Old Designator=R49 New Designator=R35
Change Component Designator: Old Designator=R51 New Designator=R36
Change Component Designator: Old Designator=R53 New Designator=R37
Change Component Designator: Old Designator=R54 New Designator=R38
Change Component Designator: Old Designator=R55 New Designator=R39
Change Component Designator: Old Designator=R56 New Designator=R40
Change Component Designator: Old Designator=R57 New Designator=R41
Change Component Designator: Old Designator=R58 New Designator=R42
Change Component Designator: Old Designator=R59 New Designator=R43
Change Component Designator: Old Designator=R60 New Designator=R44
Change Component Designator: Old Designator=R? New Designator=R45
Change Component Designator: Old Designator=R? New Designator=R46
Change Component Designator: Old Designator=R? New Designator=R47
Change Component Designator: Old Designator=R? New Designator=R48
Change Component Designator: Old Designator=R? New Designator=R49
Change Component Designator: Old Designator=R? New Designator=R50
Change Component Designator: Old Designator=R? New Designator=R51
Change Component Designator: Old Designator=R? New Designator=R52
Change Component Designator: Old Designator=R? New Designator=R53
Change Component Designator: Old Designator=R? New Designator=R54
Change Component Designator: Old Designator=U8 New Designator=U4
Change Component Designator: Old Designator=U9 New Designator=U5
Change Component Designator: Old Designator=U10 New Designator=U6
Change Component Designator: Old Designator=U11 New Designator=U7
Change Component Designator: Old Designator=U12 New Designator=U8
Change Component Designator: Old Designator=U13 New Designator=U9
Change Component Designator: Old Designator=U? New Designator=U3
